<?xml version="1.0" encoding="UTF-8"?>
<robot generator="Robot 7.1.1 (Python 3.13.0 on linux)" generated="2024-12-18T11:38:46.103329" rpa="false" schemaversion="5">
<suite id="s1" name="Nfc" source="/home/franz/projects/robotframework-construct/atests/nfc">
<suite id="s1-s1" name="Nfc Basic" source="/home/franz/projects/robotframework-construct/atests/nfc/nfc_basic.robot">
<test id="s1-s1-t1" name="Reset NFC Reseting RF configuration" line="13">
<kw name="Open Nfc Connection Via Uart" owner="nfc_interface">
<msg time="2024-12-18T11:38:46.224058" level="INFO">${NFC_INTERFACE} = timeoutExceptionOnTimeoutSerial&lt;id=0x7b2d54075a50, open=True&gt;(port='/dev/serial/by-id/usb-STMicroelectronics_STM32_STLink_066EFF3031454D3043225321-if02', baudrate=115200, bytesize=8, parity='N', stopb...</msg>
<var>${NFC_INTERFACE}</var>
<arg>${NFC_INTERFACE}</arg>
<arg>${BAUD_RATE}</arg>
<doc>Opens a connection to a NFC device via UART.</doc>
<status status="PASS" start="2024-12-18T11:38:46.221894" elapsed="0.002316"/>
</kw>
<kw name="Sleep" owner="BuiltIn">
<msg time="2024-12-18T11:38:46.476136" level="INFO">Slept 250 milliseconds.</msg>
<arg>0.25</arg>
<doc>Pauses the test executed for the given time.</doc>
<status status="PASS" start="2024-12-18T11:38:46.224941" elapsed="0.251494"/>
</kw>
<kw name="Empty Nfc Connection Receive Buffer" owner="nfc_interface">
<doc>Empties the receive buffer.</doc>
<status status="PASS" start="2024-12-18T11:38:46.477143" elapsed="0.000388"/>
</kw>
<kw name="Modify the element located at 'payload.ResetType' of '${NFC_RST_CMD}' to '${CORE_RESET_CMD.RESET_CONFIGURATION}'" owner="robotframework_construct" source_name="Modify the element located at '${locator}' of '${constructDict}' to '${value}'">
<doc>Modifies the element located at locator in constructDict to the value value.</doc>
<status status="PASS" start="2024-12-18T11:38:46.478416" elapsed="0.003810"/>
</kw>
<kw name="Write Binary Data Generated From '${NFC_RST_CMD}' Using Construct '${nfcControlPacket}' To '${NFC_INTERFACE}'" owner="robotframework_construct" source_name="Write binary data generated from '${data}' using construct '${identifier}' to '${file}'">
<msg time="2024-12-18T11:38:46.486245" level="INFO">built: 20 00 01 01 (a total of 4 bytes) using "&lt;Compiled NFC_CONTROL_PACKET&gt;" from :"
{'header': {'GID': EnumIntegerString.new(0, 'CORE'),
            'MT': EnumIntegerString.new(1, 'ControlPacketCommand'),
            'OID': EnumIntegerString.new(0, 'CORE_RESET'),
            'PBF': 0,
            'RFU': 0},
 'padding': b'',
 'payload': {'ResetType': EnumIntegerString.new(1, 'RESET_CONFIGURATION')},
 'payload_length': 1}" </msg>
<doc>Writes binary data to a file or sends it over a socket.</doc>
<status status="PASS" start="2024-12-18T11:38:46.483429" elapsed="0.003196"/>
</kw>
<kw name="Expect Response from ${NFC_INTERFACE} of type ${MT.ControlPacketResponse}" source_name="Expect Response from ${nfc_INTERFACE} of type ${EXPECTED_MT}">
<kw name="Receive message from nfc from ${nfc_INTERFACE}" source_name="Receive message from nfc from ${nfc_INTERFACE}">
<kw name="Wait For Data From Nfc" owner="nfc_interface">
<doc>Waits for data from the NFC device.</doc>
<status status="PASS" start="2024-12-18T11:38:46.492086" elapsed="0.000357"/>
</kw>
<kw name="Parse '${nfc_INTERFACE}' Using Construct '${nfcControlPacket}'" owner="robotframework_construct" source_name="Parse '${binarydata}' using construct '${identifier}'">
<msg time="2024-12-18T11:38:46.496560" level="INFO">parsed: Container: 
    header = Container: 
        MT = (enum) ControlPacketResponse 2
        PBF = (enum) endOfMessage 0
        GID = (enum) CORE 0
        RFU = 0
        OID = (enum) CORE_RESET 0
    payload_length = 1
    payload = Container: 
        Status = (enum) STATUS_OK 0
        NFC_Version = None
        ConfigurationStatus = None
        padding = None using &lt;Compiled NFC_CONTROL_PACKET&gt; from 40 00 01 00</msg>
<msg time="2024-12-18T11:38:46.497089" level="INFO">${RESPONSE} = Container: 
    header = Container: 
        MT = (enum) ControlPacketResponse 2
        PBF = (enum) endOfMessage 0
        GID = (enum) CORE 0
        RFU = 0
        OID = (enum) CORE_RESET 0
    p...</msg>
<var>${RESPONSE}</var>
<doc>Parses binary data using a construct. The binary data can be a byte array, a readable binary file object, or a TCP/UDP socket.</doc>
<status status="PASS" start="2024-12-18T11:38:46.492962" elapsed="0.004201"/>
</kw>
<return>
<value>${RESPONSE}</value>
<status status="PASS" start="2024-12-18T11:38:46.497374" elapsed="0.000130"/>
</return>
<msg time="2024-12-18T11:38:46.498060" level="INFO">${RESPONSE} = Container: 
    header = Container: 
        MT = (enum) ControlPacketResponse 2
        PBF = (enum) endOfMessage 0
        GID = (enum) CORE 0
        RFU = 0
        OID = (enum) CORE_RESET 0
    p...</msg>
<var>${RESPONSE}</var>
<status status="PASS" start="2024-12-18T11:38:46.491062" elapsed="0.007081"/>
</kw>
<kw name="Element 'header.MT' in '${RESPONSE}' should be equal to '${EXPECTED_MT}'" owner="robotframework_construct" source_name="Element '${locator}' in '${constructDict}' should be equal to '${expectedValue}'">
<doc>Checks that the element located at locator in construct is equal to expectedValue.</doc>
<status status="PASS" start="2024-12-18T11:38:46.499020" elapsed="0.000631"/>
</kw>
<return>
<value>${RESPONSE}</value>
<status status="PASS" start="2024-12-18T11:38:46.499804" elapsed="0.000144"/>
</return>
<status status="PASS" start="2024-12-18T11:38:46.487543" elapsed="0.012692"/>
</kw>
<kw name="Expect Response from ${NFC_INTERFACE} of type ${MT.ControlPacketNotification}" source_name="Expect Response from ${nfc_INTERFACE} of type ${EXPECTED_MT}">
<kw name="Receive message from nfc from ${nfc_INTERFACE}" source_name="Receive message from nfc from ${nfc_INTERFACE}">
<kw name="Wait For Data From Nfc" owner="nfc_interface">
<doc>Waits for data from the NFC device.</doc>
<status status="PASS" start="2024-12-18T11:38:46.505673" elapsed="0.000410"/>
</kw>
<kw name="Parse '${nfc_INTERFACE}' Using Construct '${nfcControlPacket}'" owner="robotframework_construct" source_name="Parse '${binarydata}' using construct '${identifier}'">
<msg time="2024-12-18T11:38:46.508173" level="INFO">parsed: Container: 
    header = Container: 
        MT = (enum) ControlPacketNotification 3
        PBF = (enum) endOfMessage 0
        GID = (enum) CORE 0
        RFU = 0
        OID = (enum) CORE_RESET 0
    payload_length = 9
    payload = Container: 
        Reason = (enum) (unknown) 2
        ConfigurationStatus = (enum) NFC_RF_CONFIGURATION_RESET 1
        padding = b' \x02\x04\x00\x02\x00K' (total 7) using &lt;Compiled NFC_CONTROL_PACKET&gt; from 60 00 09 02 01 20 02 04 00 02 00 4b</msg>
<msg time="2024-12-18T11:38:46.508610" level="INFO">${RESPONSE} = Container: 
    header = Container: 
        MT = (enum) ControlPacketNotification 3
        PBF = (enum) endOfMessage 0
        GID = (enum) CORE 0
        RFU = 0
        OID = (enum) CORE_RESET 0
 ...</msg>
<var>${RESPONSE}</var>
<doc>Parses binary data using a construct. The binary data can be a byte array, a readable binary file object, or a TCP/UDP socket.</doc>
<status status="PASS" start="2024-12-18T11:38:46.506588" elapsed="0.002101"/>
</kw>
<return>
<value>${RESPONSE}</value>
<status status="PASS" start="2024-12-18T11:38:46.508892" elapsed="0.000101"/>
</return>
<msg time="2024-12-18T11:38:46.509532" level="INFO">${RESPONSE} = Container: 
    header = Container: 
        MT = (enum) ControlPacketNotification 3
        PBF = (enum) endOfMessage 0
        GID = (enum) CORE 0
        RFU = 0
        OID = (enum) CORE_RESET 0
 ...</msg>
<var>${RESPONSE}</var>
<status status="PASS" start="2024-12-18T11:38:46.504604" elapsed="0.005006"/>
</kw>
<kw name="Element 'header.MT' in '${RESPONSE}' should be equal to '${EXPECTED_MT}'" owner="robotframework_construct" source_name="Element '${locator}' in '${constructDict}' should be equal to '${expectedValue}'">
<doc>Checks that the element located at locator in construct is equal to expectedValue.</doc>
<status status="PASS" start="2024-12-18T11:38:46.510204" elapsed="0.000711"/>
</kw>
<return>
<value>${RESPONSE}</value>
<status status="PASS" start="2024-12-18T11:38:46.511087" elapsed="0.000245"/>
</return>
<msg time="2024-12-18T11:38:46.511989" level="INFO">${RESET_NOTIFICATION} = Container: 
    header = Container: 
        MT = (enum) ControlPacketNotification 3
        PBF = (enum) endOfMessage 0
        GID = (enum) CORE 0
        RFU = 0
        OID = (enum) CORE_RESET 0
 ...</msg>
<var>${RESET_NOTIFICATION}</var>
<status status="PASS" start="2024-12-18T11:38:46.500917" elapsed="0.011153"/>
</kw>
<kw name="Element 'payload.ConfigurationStatus' in '${RESET_NOTIFICATION}' should be equal to '${CONFIGURATION_STATUS.NFC_RF_CONFIGURATION_RESET}'" owner="robotframework_construct" source_name="Element '${locator}' in '${constructDict}' should be equal to '${expectedValue}'">
<doc>Checks that the element located at locator in construct is equal to expectedValue.</doc>
<status status="PASS" start="2024-12-18T11:38:46.512927" elapsed="0.002999"/>
</kw>
<kw name="Nfc Connection Receive Buffer Should Be Empty" owner="nfc_interface">
<doc>Verifies that the receive buffer is empty.</doc>
<status status="PASS" start="2024-12-18T11:38:46.516480" elapsed="0.000328"/>
</kw>
<kw name="Close Nfc Connection" owner="nfc_interface" type="TEARDOWN">
<doc>Closes the NFC connection by closing the serial connection.</doc>
<status status="PASS" start="2024-12-18T11:38:46.517626" elapsed="0.008461"/>
</kw>
<doc>This test case resets the NFC options using nfc over UART reseting the RF configuration.</doc>
<tag>hardware</tag>
<status status="PASS" start="2024-12-18T11:38:46.220063" elapsed="0.306306"/>
</test>
<test id="s1-s1-t2" name="Reset NFC keeping RF configuration" line="25">
<kw name="Open Nfc Connection Via Uart" owner="nfc_interface">
<msg time="2024-12-18T11:38:46.530043" level="INFO">${NFC_INTERFACE} = timeoutExceptionOnTimeoutSerial&lt;id=0x7b2d537f38b0, open=True&gt;(port='/dev/serial/by-id/usb-STMicroelectronics_STM32_STLink_066EFF3031454D3043225321-if02', baudrate=115200, bytesize=8, parity='N', stopb...</msg>
<var>${NFC_INTERFACE}</var>
<arg>${NFC_INTERFACE}</arg>
<arg>${BAUD_RATE}</arg>
<doc>Opens a connection to a NFC device via UART.</doc>
<status status="PASS" start="2024-12-18T11:38:46.528254" elapsed="0.001880"/>
</kw>
<kw name="Sleep" owner="BuiltIn">
<msg time="2024-12-18T11:38:46.781390" level="INFO">Slept 250 milliseconds.</msg>
<arg>0.25</arg>
<doc>Pauses the test executed for the given time.</doc>
<status status="PASS" start="2024-12-18T11:38:46.530611" elapsed="0.251053"/>
</kw>
<kw name="Empty Nfc Connection Receive Buffer" owner="nfc_interface">
<doc>Empties the receive buffer.</doc>
<status status="PASS" start="2024-12-18T11:38:46.782423" elapsed="0.000385"/>
</kw>
<kw name="Modify the element located at 'payload.ResetType' of '${NFC_RST_CMD}' to '${CORE_RESET_CMD.KEEP_CONFIGURATION}'" owner="robotframework_construct" source_name="Modify the element located at '${locator}' of '${constructDict}' to '${value}'">
<doc>Modifies the element located at locator in constructDict to the value value.</doc>
<status status="PASS" start="2024-12-18T11:38:46.783652" elapsed="0.002712"/>
</kw>
<kw name="Write Binary Data Generated From '${NFC_RST_CMD}' Using Construct '${nfcControlPacket}' To '${NFC_INTERFACE}'" owner="robotframework_construct" source_name="Write binary data generated from '${data}' using construct '${identifier}' to '${file}'">
<msg time="2024-12-18T11:38:46.789527" level="INFO">built: 20 00 01 00 (a total of 4 bytes) using "&lt;Compiled NFC_CONTROL_PACKET&gt;" from :"
{'header': {'GID': EnumIntegerString.new(0, 'CORE'),
            'MT': EnumIntegerString.new(1, 'ControlPacketCommand'),
            'OID': EnumIntegerString.new(0, 'CORE_RESET'),
            'PBF': 0,
            'RFU': 0},
 'padding': b'',
 'payload': {'ResetType': EnumIntegerString.new(0, 'KEEP_CONFIGURATION')},
 'payload_length': 1}" </msg>
<doc>Writes binary data to a file or sends it over a socket.</doc>
<status status="PASS" start="2024-12-18T11:38:46.787532" elapsed="0.002618"/>
</kw>
<kw name="Expect Response from ${NFC_INTERFACE} of type ${MT.ControlPacketResponse}" source_name="Expect Response from ${nfc_INTERFACE} of type ${EXPECTED_MT}">
<kw name="Receive message from nfc from ${nfc_INTERFACE}" source_name="Receive message from nfc from ${nfc_INTERFACE}">
<kw name="Wait For Data From Nfc" owner="nfc_interface">
<doc>Waits for data from the NFC device.</doc>
<status status="PASS" start="2024-12-18T11:38:46.795186" elapsed="0.000346"/>
</kw>
<kw name="Parse '${nfc_INTERFACE}' Using Construct '${nfcControlPacket}'" owner="robotframework_construct" source_name="Parse '${binarydata}' using construct '${identifier}'">
<msg time="2024-12-18T11:38:46.797510" level="INFO">parsed: Container: 
    header = Container: 
        MT = (enum) ControlPacketResponse 2
        PBF = (enum) endOfMessage 0
        GID = (enum) CORE 0
        RFU = 0
        OID = (enum) CORE_RESET 0
    payload_length = 1
    payload = Container: 
        Status = (enum) STATUS_OK 0
        NFC_Version = None
        ConfigurationStatus = None
        padding = None using &lt;Compiled NFC_CONTROL_PACKET&gt; from 40 00 01 00</msg>
<msg time="2024-12-18T11:38:46.797985" level="INFO">${RESPONSE} = Container: 
    header = Container: 
        MT = (enum) ControlPacketResponse 2
        PBF = (enum) endOfMessage 0
        GID = (enum) CORE 0
        RFU = 0
        OID = (enum) CORE_RESET 0
    p...</msg>
<var>${RESPONSE}</var>
<doc>Parses binary data using a construct. The binary data can be a byte array, a readable binary file object, or a TCP/UDP socket.</doc>
<status status="PASS" start="2024-12-18T11:38:46.796103" elapsed="0.001964"/>
</kw>
<return>
<value>${RESPONSE}</value>
<status status="PASS" start="2024-12-18T11:38:46.798245" elapsed="0.000105"/>
</return>
<msg time="2024-12-18T11:38:46.798967" level="INFO">${RESPONSE} = Container: 
    header = Container: 
        MT = (enum) ControlPacketResponse 2
        PBF = (enum) endOfMessage 0
        GID = (enum) CORE 0
        RFU = 0
        OID = (enum) CORE_RESET 0
    p...</msg>
<var>${RESPONSE}</var>
<status status="PASS" start="2024-12-18T11:38:46.794224" elapsed="0.004830"/>
</kw>
<kw name="Element 'header.MT' in '${RESPONSE}' should be equal to '${EXPECTED_MT}'" owner="robotframework_construct" source_name="Element '${locator}' in '${constructDict}' should be equal to '${expectedValue}'">
<doc>Checks that the element located at locator in construct is equal to expectedValue.</doc>
<status status="PASS" start="2024-12-18T11:38:46.799629" elapsed="0.000758"/>
</kw>
<return>
<value>${RESPONSE}</value>
<status status="PASS" start="2024-12-18T11:38:46.800590" elapsed="0.000111"/>
</return>
<status status="PASS" start="2024-12-18T11:38:46.791125" elapsed="0.010127"/>
</kw>
<kw name="Expect Response from ${NFC_INTERFACE} of type ${MT.ControlPacketNotification}" source_name="Expect Response from ${nfc_INTERFACE} of type ${EXPECTED_MT}">
<kw name="Receive message from nfc from ${nfc_INTERFACE}" source_name="Receive message from nfc from ${nfc_INTERFACE}">
<kw name="Wait For Data From Nfc" owner="nfc_interface">
<doc>Waits for data from the NFC device.</doc>
<status status="PASS" start="2024-12-18T11:38:46.806725" elapsed="0.000481"/>
</kw>
<kw name="Parse '${nfc_INTERFACE}' Using Construct '${nfcControlPacket}'" owner="robotframework_construct" source_name="Parse '${binarydata}' using construct '${identifier}'">
<msg time="2024-12-18T11:38:46.809510" level="INFO">parsed: Container: 
    header = Container: 
        MT = (enum) ControlPacketNotification 3
        PBF = (enum) endOfMessage 0
        GID = (enum) CORE 0
        RFU = 0
        OID = (enum) CORE_RESET 0
    payload_length = 9
    payload = Container: 
        Reason = (enum) (unknown) 2
        ConfigurationStatus = (enum) NFC_RF_CONFIGURATION_KEPT 0
        padding = b' \x02\x04\x00\x02\x00K' (total 7) using &lt;Compiled NFC_CONTROL_PACKET&gt; from 60 00 09 02 00 20 02 04 00 02 00 4b</msg>
<msg time="2024-12-18T11:38:46.809988" level="INFO">${RESPONSE} = Container: 
    header = Container: 
        MT = (enum) ControlPacketNotification 3
        PBF = (enum) endOfMessage 0
        GID = (enum) CORE 0
        RFU = 0
        OID = (enum) CORE_RESET 0
 ...</msg>
<var>${RESPONSE}</var>
<doc>Parses binary data using a construct. The binary data can be a byte array, a readable binary file object, or a TCP/UDP socket.</doc>
<status status="PASS" start="2024-12-18T11:38:46.807819" elapsed="0.002362"/>
</kw>
<return>
<value>${RESPONSE}</value>
<status status="PASS" start="2024-12-18T11:38:46.810369" elapsed="0.000101"/>
</return>
<msg time="2024-12-18T11:38:46.811094" level="INFO">${RESPONSE} = Container: 
    header = Container: 
        MT = (enum) ControlPacketNotification 3
        PBF = (enum) endOfMessage 0
        GID = (enum) CORE 0
        RFU = 0
        OID = (enum) CORE_RESET 0
 ...</msg>
<var>${RESPONSE}</var>
<status status="PASS" start="2024-12-18T11:38:46.805537" elapsed="0.005642"/>
</kw>
<kw name="Element 'header.MT' in '${RESPONSE}' should be equal to '${EXPECTED_MT}'" owner="robotframework_construct" source_name="Element '${locator}' in '${constructDict}' should be equal to '${expectedValue}'">
<doc>Checks that the element located at locator in construct is equal to expectedValue.</doc>
<status status="PASS" start="2024-12-18T11:38:46.811759" elapsed="0.000738"/>
</kw>
<return>
<value>${RESPONSE}</value>
<status status="PASS" start="2024-12-18T11:38:46.812655" elapsed="0.000091"/>
</return>
<msg time="2024-12-18T11:38:46.813379" level="INFO">${RESET_NOTIFICATION} = Container: 
    header = Container: 
        MT = (enum) ControlPacketNotification 3
        PBF = (enum) endOfMessage 0
        GID = (enum) CORE 0
        RFU = 0
        OID = (enum) CORE_RESET 0
 ...</msg>
<var>${RESET_NOTIFICATION}</var>
<status status="PASS" start="2024-12-18T11:38:46.802105" elapsed="0.011357"/>
</kw>
<kw name="Element 'payload.ConfigurationStatus' in '${RESET_NOTIFICATION}' should be equal to '${CONFIGURATION_STATUS.NFC_RF_CONFIGURATION_KEPT}'" owner="robotframework_construct" source_name="Element '${locator}' in '${constructDict}' should be equal to '${expectedValue}'">
<doc>Checks that the element located at locator in construct is equal to expectedValue.</doc>
<status status="PASS" start="2024-12-18T11:38:46.814315" elapsed="0.002402"/>
</kw>
<kw name="Nfc Connection Receive Buffer Should Be Empty" owner="nfc_interface">
<doc>Verifies that the receive buffer is empty.</doc>
<status status="PASS" start="2024-12-18T11:38:46.817405" elapsed="0.000557"/>
</kw>
<kw name="Close Nfc Connection" owner="nfc_interface" type="TEARDOWN">
<doc>Closes the NFC connection by closing the serial connection.</doc>
<status status="PASS" start="2024-12-18T11:38:46.818980" elapsed="0.008881"/>
</kw>
<doc>This test case resets the NFC options using nfc over UART keeping the RF configuration.</doc>
<tag>hardware</tag>
<status status="PASS" start="2024-12-18T11:38:46.527099" elapsed="0.301095"/>
</test>
<test id="s1-s1-t3" name="Actively poll for A cards" line="37">
<kw name="Open Nfc Connection Via Uart" owner="nfc_interface">
<msg time="2024-12-18T11:38:46.832340" level="INFO">${NFC_INTERFACE} = timeoutExceptionOnTimeoutSerial&lt;id=0x7b2d53845870, open=True&gt;(port='/dev/serial/by-id/usb-STMicroelectronics_STM32_STLink_066EFF3031454D3043225321-if02', baudrate=115200, bytesize=8, parity='N', stopb...</msg>
<var>${NFC_INTERFACE}</var>
<arg>${NFC_INTERFACE}</arg>
<arg>${BAUD_RATE}</arg>
<doc>Opens a connection to a NFC device via UART.</doc>
<status status="PASS" start="2024-12-18T11:38:46.830376" elapsed="0.002096"/>
</kw>
<kw name="Sleep" owner="BuiltIn">
<msg time="2024-12-18T11:38:47.083717" level="INFO">Slept 250 milliseconds.</msg>
<arg>0.25</arg>
<doc>Pauses the test executed for the given time.</doc>
<status status="PASS" start="2024-12-18T11:38:46.833045" elapsed="0.251013"/>
</kw>
<kw name="Empty Nfc Connection Receive Buffer" owner="nfc_interface">
<doc>Empties the receive buffer.</doc>
<status status="PASS" start="2024-12-18T11:38:47.084809" elapsed="0.000489"/>
</kw>
<kw name="Write Binary Data Generated From '${NFC_RST_CMD}' Using Construct '${nfcControlPacket}' To '${NFC_INTERFACE}'" owner="robotframework_construct" source_name="Write binary data generated from '${data}' using construct '${identifier}' to '${file}'">
<msg time="2024-12-18T11:38:47.088363" level="INFO">built: 20 00 01 00 (a total of 4 bytes) using "&lt;Compiled NFC_CONTROL_PACKET&gt;" from :"
{'header': {'GID': EnumIntegerString.new(0, 'CORE'),
            'MT': EnumIntegerString.new(1, 'ControlPacketCommand'),
            'OID': EnumIntegerString.new(0, 'CORE_RESET'),
            'PBF': 0,
            'RFU': 0},
 'padding': b'',
 'payload': {'ResetType': EnumIntegerString.new(0, 'KEEP_CONFIGURATION')},
 'payload_length': 1}" </msg>
<doc>Writes binary data to a file or sends it over a socket.</doc>
<status status="PASS" start="2024-12-18T11:38:47.086256" elapsed="0.002712"/>
</kw>
<kw name="Expect Response from ${NFC_INTERFACE} of type ${MT.ControlPacketResponse}" source_name="Expect Response from ${nfc_INTERFACE} of type ${EXPECTED_MT}">
<kw name="Receive message from nfc from ${nfc_INTERFACE}" source_name="Receive message from nfc from ${nfc_INTERFACE}">
<kw name="Wait For Data From Nfc" owner="nfc_interface">
<doc>Waits for data from the NFC device.</doc>
<status status="PASS" start="2024-12-18T11:38:47.095040" elapsed="0.000408"/>
</kw>
<kw name="Parse '${nfc_INTERFACE}' Using Construct '${nfcControlPacket}'" owner="robotframework_construct" source_name="Parse '${binarydata}' using construct '${identifier}'">
<msg time="2024-12-18T11:38:47.097471" level="INFO">parsed: Container: 
    header = Container: 
        MT = (enum) ControlPacketResponse 2
        PBF = (enum) endOfMessage 0
        GID = (enum) CORE 0
        RFU = 0
        OID = (enum) CORE_RESET 0
    payload_length = 1
    payload = Container: 
        Status = (enum) STATUS_OK 0
        NFC_Version = None
        ConfigurationStatus = None
        padding = None using &lt;Compiled NFC_CONTROL_PACKET&gt; from 40 00 01 00</msg>
<msg time="2024-12-18T11:38:47.097979" level="INFO">${RESPONSE} = Container: 
    header = Container: 
        MT = (enum) ControlPacketResponse 2
        PBF = (enum) endOfMessage 0
        GID = (enum) CORE 0
        RFU = 0
        OID = (enum) CORE_RESET 0
    p...</msg>
<var>${RESPONSE}</var>
<doc>Parses binary data using a construct. The binary data can be a byte array, a readable binary file object, or a TCP/UDP socket.</doc>
<status status="PASS" start="2024-12-18T11:38:47.096042" elapsed="0.002023"/>
</kw>
<return>
<value>${RESPONSE}</value>
<status status="PASS" start="2024-12-18T11:38:47.098248" elapsed="0.000113"/>
</return>
<msg time="2024-12-18T11:38:47.098960" level="INFO">${RESPONSE} = Container: 
    header = Container: 
        MT = (enum) ControlPacketResponse 2
        PBF = (enum) endOfMessage 0
        GID = (enum) CORE 0
        RFU = 0
        OID = (enum) CORE_RESET 0
    p...</msg>
<var>${RESPONSE}</var>
<status status="PASS" start="2024-12-18T11:38:47.094085" elapsed="0.004958"/>
</kw>
<kw name="Element 'header.MT' in '${RESPONSE}' should be equal to '${EXPECTED_MT}'" owner="robotframework_construct" source_name="Element '${locator}' in '${constructDict}' should be equal to '${expectedValue}'">
<doc>Checks that the element located at locator in construct is equal to expectedValue.</doc>
<status status="PASS" start="2024-12-18T11:38:47.099742" elapsed="0.000816"/>
</kw>
<return>
<value>${RESPONSE}</value>
<status status="PASS" start="2024-12-18T11:38:47.100749" elapsed="0.000125"/>
</return>
<status status="PASS" start="2024-12-18T11:38:47.090240" elapsed="0.011046"/>
</kw>
<kw name="Expect Response from ${NFC_INTERFACE} of type ${MT.ControlPacketNotification}" source_name="Expect Response from ${nfc_INTERFACE} of type ${EXPECTED_MT}">
<kw name="Receive message from nfc from ${nfc_INTERFACE}" source_name="Receive message from nfc from ${nfc_INTERFACE}">
<kw name="Wait For Data From Nfc" owner="nfc_interface">
<doc>Waits for data from the NFC device.</doc>
<status status="PASS" start="2024-12-18T11:38:47.106476" elapsed="0.000512"/>
</kw>
<kw name="Parse '${nfc_INTERFACE}' Using Construct '${nfcControlPacket}'" owner="robotframework_construct" source_name="Parse '${binarydata}' using construct '${identifier}'">
<msg time="2024-12-18T11:38:47.109769" level="INFO">parsed: Container: 
    header = Container: 
        MT = (enum) ControlPacketNotification 3
        PBF = (enum) endOfMessage 0
        GID = (enum) CORE 0
        RFU = 0
        OID = (enum) CORE_RESET 0
    payload_length = 9
    payload = Container: 
        Reason = (enum) (unknown) 2
        ConfigurationStatus = (enum) NFC_RF_CONFIGURATION_KEPT 0
        padding = b' \x02\x04\x00\x02\x00K' (total 7) using &lt;Compiled NFC_CONTROL_PACKET&gt; from 60 00 09 02 00 20 02 04 00 02 00 4b</msg>
<msg time="2024-12-18T11:38:47.110530" level="INFO">${RESPONSE} = Container: 
    header = Container: 
        MT = (enum) ControlPacketNotification 3
        PBF = (enum) endOfMessage 0
        GID = (enum) CORE 0
        RFU = 0
        OID = (enum) CORE_RESET 0
 ...</msg>
<var>${RESPONSE}</var>
<doc>Parses binary data using a construct. The binary data can be a byte array, a readable binary file object, or a TCP/UDP socket.</doc>
<status status="PASS" start="2024-12-18T11:38:47.107817" elapsed="0.002784"/>
</kw>
<return>
<value>${RESPONSE}</value>
<status status="PASS" start="2024-12-18T11:38:47.110750" elapsed="0.000091"/>
</return>
<msg time="2024-12-18T11:38:47.111413" level="INFO">${RESPONSE} = Container: 
    header = Container: 
        MT = (enum) ControlPacketNotification 3
        PBF = (enum) endOfMessage 0
        GID = (enum) CORE 0
        RFU = 0
        OID = (enum) CORE_RESET 0
 ...</msg>
<var>${RESPONSE}</var>
<status status="PASS" start="2024-12-18T11:38:47.105306" elapsed="0.006171"/>
</kw>
<kw name="Element 'header.MT' in '${RESPONSE}' should be equal to '${EXPECTED_MT}'" owner="robotframework_construct" source_name="Element '${locator}' in '${constructDict}' should be equal to '${expectedValue}'">
<doc>Checks that the element located at locator in construct is equal to expectedValue.</doc>
<status status="PASS" start="2024-12-18T11:38:47.112048" elapsed="0.000613"/>
</kw>
<return>
<value>${RESPONSE}</value>
<status status="PASS" start="2024-12-18T11:38:47.112803" elapsed="0.000143"/>
</return>
<status status="PASS" start="2024-12-18T11:38:47.102013" elapsed="0.011220"/>
</kw>
<kw name="Write Binary Data Generated From '${NFC_INIT_CMD}' Using Construct '${nfcControlPacket}' To '${NFC_INTERFACE}'" owner="robotframework_construct" source_name="Write binary data generated from '${data}' using construct '${identifier}' to '${file}'">
<msg time="2024-12-18T11:38:47.115163" level="INFO">built: 20 01 02 00 00 (a total of 5 bytes) using "&lt;Compiled NFC_CONTROL_PACKET&gt;" from :"
{'header': {'GID': EnumIntegerString.new(0, 'CORE'),
            'MT': EnumIntegerString.new(1, 'ControlPacketCommand'),
            'OID': EnumIntegerString.new(1, 'CORE_INIT'),
            'PBF': 0,
            'RFU': 0},
 'padding': b'',
 'payload': {'ConstValue': b'\x00\x00'},
 'payload_length': 2}" </msg>
<doc>Writes binary data to a file or sends it over a socket.</doc>
<status status="PASS" start="2024-12-18T11:38:47.113891" elapsed="0.001590"/>
</kw>
<kw name="Expect Status OK response from ${NFC_INTERFACE}" source_name="Expect Status OK response from ${nfc_INTERFACE}">
<kw name="Receive message from nfc from ${nfc_INTERFACE}" source_name="Receive message from nfc from ${nfc_INTERFACE}">
<kw name="Wait For Data From Nfc" owner="nfc_interface">
<doc>Waits for data from the NFC device.</doc>
<status status="PASS" start="2024-12-18T11:38:47.118266" elapsed="0.000379"/>
</kw>
<kw name="Parse '${nfc_INTERFACE}' Using Construct '${nfcControlPacket}'" owner="robotframework_construct" source_name="Parse '${binarydata}' using construct '${identifier}'">
<msg time="2024-12-18T11:38:47.121751" level="INFO">parsed: Container: 
    header = Container: 
        MT = (enum) ControlPacketResponse 2
        PBF = (enum) endOfMessage 0
        GID = (enum) CORE 0
        RFU = 0
        OID = (enum) CORE_INIT 1
    payload_length = 17
    payload = Container: 
        Status = (enum) STATUS_OK 0
        NFCC_Features = Container: 
            Octet_0 = Container: 
                RFU = 0
                DiscoverConfigurationmode = (enum) SINGLDE_DH 0
                DiscoverFrequencyConfiguration = (enum) RF_DISCOVER_CMD_SUPPORTED 1
            Octet_1 = Container: 
                RFU = 0
                AID_BASED_ROUTING = 0
                PROTOCOL_BASED_ROUTING = 1
                TECHNOLOGY_BASED_ROUTING = 1
            Octet_2 = Container: 
                RFU = 0
                SWITCH_OFF_STATE_SUPPORTED = (enum) (unknown) 0
                BATTERY_OFF_STATE_SUPPORTED = (enum) (unknown) 0
            Octet_3 = Container: 
                RFU = 0
        NumInterfaces = 1
        SupportedInterfaces = ListContainer: 
            50
        Max_Logical_Connections = 0
        Max_Routing_Table_Size = 65280
        Max_Control_Package_Payload_Size = 0
        Max_Size_for_Large_Parameters = 0
        Manufacture_ID = 255
        Manufacturer_specific_info = b'\x03\x01\x02\x03' (total 4) using &lt;Compiled NFC_CONTROL_PACKET&gt; from 40 01 11 00 01 06 00 00 01 32 00 ff 00 00 00 ff 03 01 02 03</msg>
<msg time="2024-12-18T11:38:47.122962" level="INFO">${RESPONSE} = Container: 
    header = Container: 
        MT = (enum) ControlPacketResponse 2
        PBF = (enum) endOfMessage 0
        GID = (enum) CORE 0
        RFU = 0
        OID = (enum) CORE_INIT 1
    pa...</msg>
<var>${RESPONSE}</var>
<doc>Parses binary data using a construct. The binary data can be a byte array, a readable binary file object, or a TCP/UDP socket.</doc>
<status status="PASS" start="2024-12-18T11:38:47.119218" elapsed="0.003947"/>
</kw>
<return>
<value>${RESPONSE}</value>
<status status="PASS" start="2024-12-18T11:38:47.123458" elapsed="0.000186"/>
</return>
<msg time="2024-12-18T11:38:47.124822" level="INFO">${RESPONSE} = Container: 
    header = Container: 
        MT = (enum) ControlPacketResponse 2
        PBF = (enum) endOfMessage 0
        GID = (enum) CORE 0
        RFU = 0
        OID = (enum) CORE_INIT 1
    pa...</msg>
<var>${RESPONSE}</var>
<status status="PASS" start="2024-12-18T11:38:47.117257" elapsed="0.007729"/>
</kw>
<kw name="Element 'payload.Status' in '${RESPONSE}' should be equal to '${GENERIC_STATUS_CODE.STATUS_OK}'" owner="robotframework_construct" source_name="Element '${locator}' in '${constructDict}' should be equal to '${expectedValue}'">
<doc>Checks that the element located at locator in construct is equal to expectedValue.</doc>
<status status="PASS" start="2024-12-18T11:38:47.125720" elapsed="0.002484"/>
</kw>
<return>
<value>${RESPONSE}</value>
<status status="PASS" start="2024-12-18T11:38:47.128392" elapsed="0.000103"/>
</return>
<status status="PASS" start="2024-12-18T11:38:47.116176" elapsed="0.012654"/>
</kw>
<kw name="Write Binary Data Generated From '${NFC_DISCVER_CMD}' Using Construct '${NFCControlPacket}' To '${NFC_INTERFACE}'" owner="robotframework_construct" source_name="Write binary data generated from '${data}' using construct '${identifier}' to '${file}'">
<msg time="2024-12-18T11:38:47.132271" level="INFO">built: 21 03 0d 06 00 02 01 02 02 02 06 02 80 02 82 02 (a total of 16 bytes) using "&lt;Compiled NFC_CONTROL_PACKET&gt;" from :"
{'header': {'GID': EnumIntegerString.new(1, 'RF'),
            'MT': EnumIntegerString.new(1, 'ControlPacketCommand'),
            'OID': EnumIntegerString.new(3, 'RF_DISCOVER'),
            'PBF': 0,
            'RFU': 0},
 'payload': {'NumInterfaces': 6,
             'RF_Discover_Map': [{'RF_Discover_Frequency': 2,
                                  'RF_Technology_and_Mode': EnumIntegerString.new(0, 'NFC_A_PASSIVE_POLL_MODE')},
                                 {'RF_Discover_Frequency': 2,
                                  'RF_Technology_and_Mode': EnumIntegerString.new(1, 'NFC_B_PASSIVE_POLL_MODE')},
                                 {'RF_Discover_Frequency': 2,
                                  'RF_Technology_and_Mode': EnumIntegerString.new(2, 'NFC_F_PASSIVE_POLL_MODE')},
                                 {'RF_Discover_Frequency': 2,
                                  'RF_Technology_and_Mode': EnumIntegerString.new(6, 'NFC_15693_PASSIVE_POLL_MODE')},
                                 {'RF_Discover_Frequency': 2,
                                  'RF_Technology_and_Mode': EnumIntegerString.new(128, 'NFC_A_PASSIVE_LISTEN_MODE')},
                                 {'RF_Discover_Frequency': 2,
                                  'RF_Technology_and_Mode': EnumIntegerString.new(130, 'NFC_F_PASSIVE_LISTEN_MODE')}]},
 'payload_length': 13}" </msg>
<doc>Writes binary data to a file or sends it over a socket.</doc>
<status status="PASS" start="2024-12-18T11:38:47.129518" elapsed="0.003218"/>
</kw>
<kw name="Expect Status OK response from ${NFC_INTERFACE}" source_name="Expect Status OK response from ${nfc_INTERFACE}">
<kw name="Receive message from nfc from ${nfc_INTERFACE}" source_name="Receive message from nfc from ${nfc_INTERFACE}">
<kw name="Wait For Data From Nfc" owner="nfc_interface">
<doc>Waits for data from the NFC device.</doc>
<status status="PASS" start="2024-12-18T11:38:47.135011" elapsed="0.000282"/>
</kw>
<kw name="Parse '${nfc_INTERFACE}' Using Construct '${nfcControlPacket}'" owner="robotframework_construct" source_name="Parse '${binarydata}' using construct '${identifier}'">
<msg time="2024-12-18T11:38:47.136820" level="INFO">parsed: Container: 
    header = Container: 
        MT = (enum) ControlPacketResponse 2
        PBF = (enum) endOfMessage 0
        GID = (enum) RF 1
        RFU = 0
        OID = (enum) RF_DISCOVER 3
    payload_length = 1
    payload = Container: 
        Status = (enum) STATUS_OK 0 using &lt;Compiled NFC_CONTROL_PACKET&gt; from 41 03 01 00</msg>
<msg time="2024-12-18T11:38:47.137131" level="INFO">${RESPONSE} = Container: 
    header = Container: 
        MT = (enum) ControlPacketResponse 2
        PBF = (enum) endOfMessage 0
        GID = (enum) RF 1
        RFU = 0
        OID = (enum) RF_DISCOVER 3
    pa...</msg>
<var>${RESPONSE}</var>
<doc>Parses binary data using a construct. The binary data can be a byte array, a readable binary file object, or a TCP/UDP socket.</doc>
<status status="PASS" start="2024-12-18T11:38:47.135703" elapsed="0.001512"/>
</kw>
<return>
<value>${RESPONSE}</value>
<status status="PASS" start="2024-12-18T11:38:47.137372" elapsed="0.000093"/>
</return>
<msg time="2024-12-18T11:38:47.137982" level="INFO">${RESPONSE} = Container: 
    header = Container: 
        MT = (enum) ControlPacketResponse 2
        PBF = (enum) endOfMessage 0
        GID = (enum) RF 1
        RFU = 0
        OID = (enum) RF_DISCOVER 3
    pa...</msg>
<var>${RESPONSE}</var>
<status status="PASS" start="2024-12-18T11:38:47.134265" elapsed="0.003779"/>
</kw>
<kw name="Element 'payload.Status' in '${RESPONSE}' should be equal to '${GENERIC_STATUS_CODE.STATUS_OK}'" owner="robotframework_construct" source_name="Element '${locator}' in '${constructDict}' should be equal to '${expectedValue}'">
<doc>Checks that the element located at locator in construct is equal to expectedValue.</doc>
<status status="PASS" start="2024-12-18T11:38:47.138485" elapsed="0.002121"/>
</kw>
<return>
<value>${RESPONSE}</value>
<status status="PASS" start="2024-12-18T11:38:47.140840" elapsed="0.000215"/>
</return>
<status status="PASS" start="2024-12-18T11:38:47.133408" elapsed="0.007929"/>
</kw>
<kw name="Log To Console" owner="BuiltIn">
<arg>please place a card on the reader</arg>
<doc>Logs the given message to the console.</doc>
<status status="PASS" start="2024-12-18T11:38:47.141841" elapsed="0.000558"/>
</kw>
<kw name="Wait For Data From Nfc" owner="nfc_interface">
<arg>timeout=1</arg>
<doc>Waits for data from the NFC device.</doc>
<status status="PASS" start="2024-12-18T11:38:47.142696" elapsed="0.378653"/>
</kw>
<kw name="Parse '${NFC_INTERFACE}' Using Construct '${NFCControlPacket}'" owner="robotframework_construct" source_name="Parse '${binarydata}' using construct '${identifier}'">
<msg time="2024-12-18T11:38:47.523763" level="INFO">parsed: Container: 
    header = Container: 
        MT = (enum) ControlPacketNotification 3
        PBF = (enum) endOfMessage 0
        GID = (enum) RF 1
        RFU = 0
        OID = (enum) RF_DISCOVER 3
    payload_length = 14
    payload = Container: 
        NumTargets = 1
        Payload = b'\x04\x00\t\x02\x00\x04BZ\xb8\x00\x018\x02' (total 13) using &lt;Compiled NFC_CONTROL_PACKET&gt; from 61 03 0e 01 04 00 09 02 00 04 42 5a b8 00 01 38 02</msg>
<msg time="2024-12-18T11:38:47.524335" level="INFO">${RESPONSE} = Container: 
    header = Container: 
        MT = (enum) ControlPacketNotification 3
        PBF = (enum) endOfMessage 0
        GID = (enum) RF 1
        RFU = 0
        OID = (enum) RF_DISCOVER 3
  ...</msg>
<var>${RESPONSE}</var>
<doc>Parses binary data using a construct. The binary data can be a byte array, a readable binary file object, or a TCP/UDP socket.</doc>
<status status="PASS" start="2024-12-18T11:38:47.522215" elapsed="0.002233"/>
</kw>
<kw name="Wait For Data From Nfc" owner="nfc_interface">
<arg>timeout=1</arg>
<doc>Waits for data from the NFC device.</doc>
<status status="PASS" start="2024-12-18T11:38:47.525142" elapsed="0.000407"/>
</kw>
<kw name="Parse '${NFC_INTERFACE}' Using Construct '${nfcControlPacket}'" owner="robotframework_construct" source_name="Parse '${binarydata}' using construct '${identifier}'">
<msg time="2024-12-18T11:38:47.527776" level="INFO">parsed: Container: 
    header = Container: 
        MT = (enum) ControlPacketNotification 3
        PBF = (enum) endOfMessage 0
        GID = (enum) RF 1
        RFU = 0
        OID = (enum) RF_DISCOVER 3
    payload_length = 17
    payload = Container: 
        NumTargets = 2
        Payload = b'\x06\x06\x0c\x00\x02@\xce\xa1\x18f$\x16\xe0\xab\xa4\x00' (total 16) using &lt;Compiled NFC_CONTROL_PACKET&gt; from 61 03 11 02 06 06 0c 00 02 40 ce a1 18 66 24 16 e0 ab a4 00</msg>
<msg time="2024-12-18T11:38:47.528356" level="INFO">${RESPONSE} = Container: 
    header = Container: 
        MT = (enum) ControlPacketNotification 3
        PBF = (enum) endOfMessage 0
        GID = (enum) RF 1
        RFU = 0
        OID = (enum) RF_DISCOVER 3
  ...</msg>
<var>${RESPONSE}</var>
<doc>Parses binary data using a construct. The binary data can be a byte array, a readable binary file object, or a TCP/UDP socket.</doc>
<status status="PASS" start="2024-12-18T11:38:47.526259" elapsed="0.002151"/>
</kw>
<kw name="Close Nfc Connection" owner="nfc_interface" type="TEARDOWN">
<doc>Closes the NFC connection by closing the serial connection.</doc>
<status status="PASS" start="2024-12-18T11:38:47.529320" elapsed="0.011387"/>
</kw>
<doc>This test case resets the NFC options using nfc over UART.</doc>
<tag>hardware</tag>
<status status="PASS" start="2024-12-18T11:38:46.829152" elapsed="0.711955"/>
</test>
<doc>This is a simple example for a robot file using robotframework-construct using nfc/nfc as an example using UART.</doc>
<status status="PASS" start="2024-12-18T11:38:46.144677" elapsed="1.397955"/>
</suite>
<status status="PASS" start="2024-12-18T11:38:46.105525" elapsed="1.440016"/>
</suite>
<statistics>
<total>
<stat pass="3" fail="0" skip="0">All Tests</stat>
</total>
<tag>
<stat pass="3" fail="0" skip="0">hardware</stat>
</tag>
<suite>
<stat pass="3" fail="0" skip="0" id="s1" name="Nfc">Nfc</stat>
<stat pass="3" fail="0" skip="0" id="s1-s1" name="Nfc Basic">Nfc.Nfc Basic</stat>
</suite>
</statistics>
<errors>
</errors>
</robot>
